[debug] [2021-08-20T04:43:13.004Z] ----------------------------------------------------------------------
[debug] [2021-08-20T04:43:13.006Z] Command:       /usr/local/bin/node /usr/local/bin/firebase deploy
[debug] [2021-08-20T04:43:13.012Z] CLI Version:   9.16.5
[debug] [2021-08-20T04:43:13.012Z] Platform:      darwin
[debug] [2021-08-20T04:43:13.012Z] Node Version:  v12.18.1
[debug] [2021-08-20T04:43:13.013Z] Time:          Fri Aug 20 2021 10:13:13 GMT+0530 (India Standard Time)
[debug] [2021-08-20T04:43:13.013Z] ----------------------------------------------------------------------
[debug] 
[debug] [2021-08-20T04:43:13.073Z] > command requires scopes: ["email","openid","https://www.googleapis.com/auth/cloudplatformprojects.readonly","https://www.googleapis.com/auth/firebase","https://www.googleapis.com/auth/cloud-platform"]
[debug] [2021-08-20T04:43:13.073Z] > authorizing via signed-in user (himanshu.ganpa@gmail.com)
[debug] [2021-08-20T04:43:13.073Z] [iam] checking project tweetx-35170 for permissions ["firebase.projects.get","firebasehosting.sites.update"]
[debug] [2021-08-20T04:43:13.076Z] >>> HTTP REQUEST POST https://cloudresourcemanager.googleapis.com/v1/projects/tweetx-35170:testIamPermissions  
 {"permissions":["firebase.projects.get","firebasehosting.sites.update"]}
[debug] [2021-08-20T04:43:16.309Z] <<< HTTP RESPONSE 200 {"content-type":"application/json; charset=UTF-8","vary":"X-Origin, Referer, Origin,Accept-Encoding","date":"Fri, 20 Aug 2021 04:43:16 GMT","server":"ESF","cache-control":"private","x-xss-protection":"0","x-frame-options":"SAMEORIGIN","x-content-type-options":"nosniff","server-timing":"gfet4t7; dur=1315","alt-svc":"h3=\":443\"; ma=2592000,h3-29=\":443\"; ma=2592000,h3-T051=\":443\"; ma=2592000,h3-Q050=\":443\"; ma=2592000,h3-Q046=\":443\"; ma=2592000,h3-Q043=\":443\"; ma=2592000,quic=\":443\"; ma=2592000; v=\"46,43\"","accept-ranges":"none","transfer-encoding":"chunked"}
[debug] [2021-08-20T04:43:16.313Z] > refreshing access token with scopes: []
[debug] [2021-08-20T04:43:16.313Z] >>> HTTP REQUEST POST https://www.googleapis.com/oauth2/v3/token  
 <request body omitted>
[debug] [2021-08-20T04:43:27.434Z] Authentication Error: Your credentials are no longer valid. Please run firebase login --reauth

For CI servers and headless environments, generate a new token with firebase login:ci
[debug] [2021-08-20T04:43:27.905Z] FirebaseError: Authentication Error: Your credentials are no longer valid. Please run firebase login --reauth

For CI servers and headless environments, generate a new token with firebase login:ci
    at invalidCredentialError (/usr/local/lib/node_modules/firebase-tools/lib/auth.js:141:12)
    at refreshTokens (/usr/local/lib/node_modules/firebase-tools/lib/auth.js:448:15)
    at processTicksAndRejections (internal/process/task_queues.js:97:5)
[error] 
[error] Error: Failed to get Firebase project tweetx-35170. Please make sure the project exists and your account has permission to access it.
